<?xml version="1.0" encoding="UTF-8"?>
<!-- Generated by org.testng.reporters.JUnitXMLReporter -->
<testsuite ignored="0" hostname="LAPTOP-3BL16AQ1" failures="0" tests="6" name="Test" time="15.484" errors="0" timestamp="2024-03-14T21:06:29 IST">
  <testcase classname="TestNg.TC_1_VerifyAndClickAdminTab_Edge" name="enterUsername" time="1.688"/>
  <testcase classname="TestNg.TC_1_VerifyAndClickAdminTab_Edge" name="enterPassword" time="0.53"/>
  <testcase classname="TestNg.TC_1_VerifyAndClickAdminTab_Edge" name="clickLogin" time="1.697"/>
  <testcase classname="TestNg.TC_1_VerifyAndClickAdminTab" name="enterUsername" time="4.549"/>
  <testcase classname="TestNg.TC_1_VerifyAndClickAdminTab" name="enterPassword" time="0.446"/>
  <testcase classname="TestNg.TC_1_VerifyAndClickAdminTab" name="clickLogin" time="1.732"/>
</testsuite> <!-- Test -->
